app/build/intermediates/manifest_merge_blame_file/release/manifest-merger-blame-release-report.txt
1<?xml version="1.0" encoding="utf-8"?>
2<manifest xmlns:android="http://schemas.android.com/apk/res/android"
3    package="mit.alibaba.nuidemo"
4    android:versionCode="1"
5    android:versionName="1.0" >
6
7    <uses-sdk
8        android:minSdkVersion="14"
8-->src\main\AndroidManifest.xml
9        android:targetSdkVersion="26" />
9-->src\main\AndroidManifest.xml
10
11    <uses-permission android:name="android.permission.INTERNET" />
11-->src\main\AndroidManifest.xml:4:5-67
11-->src\main\AndroidManifest.xml:4:22-64
12    <uses-permission android:name="android.permission.ACCESS_NETWORK_STATE" />
12-->src\main\AndroidManifest.xml:5:5-79
12-->src\main\AndroidManifest.xml:5:22-76
13    <uses-permission android:name="android.permission.RECORD_AUDIO" />
13-->src\main\AndroidManifest.xml:6:5-71
13-->src\main\AndroidManifest.xml:6:22-68
14    <uses-permission android:name="android.permission.MOUNT_UNMOUNT_FILESYSTEMS" />
14-->src\main\AndroidManifest.xml:7:5-84
14-->src\main\AndroidManifest.xml:7:22-81
15    <uses-permission android:name="android.permission.WRITE_EXTERNAL_STORAGE" />
15-->src\main\AndroidManifest.xml:8:5-81
15-->src\main\AndroidManifest.xml:8:22-78
16    <uses-permission android:name="android.permission.READ_EXTERNAL_STORAGE" />
16-->src\main\AndroidManifest.xml:9:5-80
16-->src\main\AndroidManifest.xml:9:22-77
17    <uses-permission android:name="android.permission.READ_PHONE_STATE" />
17-->src\main\AndroidManifest.xml:10:5-75
17-->src\main\AndroidManifest.xml:10:22-72
18
19    <application
19-->src\main\AndroidManifest.xml:13:5-59:19
20        android:name="mit.alibaba.nuidemo.MainApplication"
20-->src\main\AndroidManifest.xml:14:9-40
21        android:allowBackup="true"
21-->src\main\AndroidManifest.xml:15:9-35
22        android:appComponentFactory="androidx.core.app.CoreComponentFactory"
22-->[androidx.core:core:1.0.0] AndroidManifest.xml:22:18-86
23        android:icon="@mipmap/ic_launcher"
23-->src\main\AndroidManifest.xml:16:9-43
24        android:label="@string/app_name"
24-->src\main\AndroidManifest.xml:17:9-41
25        android:supportsRtl="true"
25-->src\main\AndroidManifest.xml:18:9-35
26        android:theme="@style/AppTheme" >
26-->src\main\AndroidManifest.xml:19:9-40
27        <activity
27-->src\main\AndroidManifest.xml:20:9-22:37
28            android:name="mit.alibaba.nuidemo.SpeechRecognizerActivity"
28-->src\main\AndroidManifest.xml:21:13-53
29            android:label="一句话识别" />
29-->src\main\AndroidManifest.xml:22:13-34
30        <activity
30-->src\main\AndroidManifest.xml:23:9-25:43
31            android:name="mit.alibaba.nuidemo.SpeechRecognizerNewActivity"
31-->src\main\AndroidManifest.xml:24:13-56
32            android:label="一句话识别独立接口样例" />
32-->src\main\AndroidManifest.xml:25:13-40
33        <activity
33-->src\main\AndroidManifest.xml:26:9-28:36
34            android:name="mit.alibaba.nuidemo.WakeupAndSpeechRecognizerActivity"
34-->src\main\AndroidManifest.xml:27:13-62
35            android:label="唤醒识别" />
35-->src\main\AndroidManifest.xml:28:13-33
36        <activity
36-->src\main\AndroidManifest.xml:29:9-31:36
37            android:name="mit.alibaba.nuidemo.SpeechTranscriberActivity"
37-->src\main\AndroidManifest.xml:30:13-54
38            android:label="实时转写" />
38-->src\main\AndroidManifest.xml:31:13-33
39        <activity
39-->src\main\AndroidManifest.xml:32:9-34:42
40            android:name="mit.alibaba.nuidemo.SpeechTranscriberNewActivity"
40-->src\main\AndroidManifest.xml:33:13-57
41            android:label="实时转写独立接口样例" />
41-->src\main\AndroidManifest.xml:34:13-39
42        <activity
42-->src\main\AndroidManifest.xml:35:9-37:38
43            android:name="mit.alibaba.nuidemo.TtsBasicActivity"
43-->src\main\AndroidManifest.xml:36:13-45
44            android:label="在线语音合成" />
44-->src\main\AndroidManifest.xml:37:13-35
45        <activity
45-->src\main\AndroidManifest.xml:38:9-40:38
46            android:name="mit.alibaba.nuidemo.TtsLocalActivity"
46-->src\main\AndroidManifest.xml:39:13-45
47            android:label="离线语音合成" />
47-->src\main\AndroidManifest.xml:40:13-35
48        <activity
48-->src\main\AndroidManifest.xml:41:9-43:38
49            android:name="mit.alibaba.nuidemo.FileTranscriberActivity"
49-->src\main\AndroidManifest.xml:42:13-52
50            android:label="录音文件转写" />
50-->src\main\AndroidManifest.xml:43:13-35
51        <activity
51-->src\main\AndroidManifest.xml:44:9-46:39
52            android:name="mit.alibaba.nuidemo.LocalSpeechRecognizerActivity"
52-->src\main\AndroidManifest.xml:45:13-58
53            android:label="本地一句话识别" />
53-->src\main\AndroidManifest.xml:46:13-36
54        <activity
54-->src\main\AndroidManifest.xml:47:9-49:34
55            android:name="mit.alibaba.nuidemo.ChatActivity"
55-->src\main\AndroidManifest.xml:48:13-41
56            android:label="聊天" />
56-->src\main\AndroidManifest.xml:49:13-31
57        <activity
57-->src\main\AndroidManifest.xml:50:9-58:20
58            android:name="mit.alibaba.nuidemo.MainActivity"
58-->src\main\AndroidManifest.xml:51:13-41
59            android:screenOrientation="portrait" >
59-->src\main\AndroidManifest.xml:52:13-49
60            <intent-filter>
60-->src\main\AndroidManifest.xml:53:13-57:29
61                <action android:name="android.intent.action.MAIN" />
61-->src\main\AndroidManifest.xml:54:17-69
61-->src\main\AndroidManifest.xml:54:25-66
62
63                <category android:name="android.intent.category.LAUNCHER" />
63-->src\main\AndroidManifest.xml:56:17-77
63-->src\main\AndroidManifest.xml:56:27-74
64            </intent-filter>
65        </activity>
66    </application>
67
68</manifest>